This is pdfTeX, Version 3.141592653-2.6-1.40.23 (TeX Live 2021/W32TeX) (preloaded format=pdflatex 2022.3.20)  23 APR 2022 20:29
entering extended mode
 restricted \write18 enabled.
 file:line:error style messages enabled.
 %&-line parsing enabled.
**"g:/UNI/2022 Spring/Adv Comm 1/Projects/Project-2-ELCN446/final - tex/Project2.tex"
(g:/UNI/2022 Spring/Adv Comm 1/Projects/Project-2-ELCN446/final - tex/Project2.tex
LaTeX2e <2021-11-15> patch level 1
L3 programming layer <2022-02-24> (c:/texlive/2021/texmf-dist/tex/latex/base/article.cls
Document Class: article 2021/10/04 v1.4n Standard LaTeX document class
(c:/texlive/2021/texmf-dist/tex/latex/base/size10.clo
File: size10.clo 2021/10/04 v1.4n Standard LaTeX file (size option)
)
\c@part=\count185
\c@section=\count186
\c@subsection=\count187
\c@subsubsection=\count188
\c@paragraph=\count189
\c@subparagraph=\count190
\c@figure=\count191
\c@table=\count192
\abovecaptionskip=\skip47
\belowcaptionskip=\skip48
\bibindent=\dimen138
) (c:/texlive/2021/texmf-dist/tex/latex/base/inputenc.sty
Package: inputenc 2021/02/14 v1.3d Input encoding file
\inpenc@prehook=\toks16
\inpenc@posthook=\toks17
) (c:/texlive/2021/texmf-dist/tex/latex/base/fontenc.sty
Package: fontenc 2021/04/29 v2.0v Standard LaTeX package
) (c:/texlive/2021/texmf-dist/tex/latex/lm/lmodern.sty
Package: lmodern 2015/05/01 v1.6.1 Latin Modern Fonts
LaTeX Font Info:    Overwriting symbol font `operators' in version `normal'
(Font)                  OT1/cmr/m/n --> OT1/lmr/m/n on input line 22.
LaTeX Font Info:    Overwriting symbol font `letters' in version `normal'
(Font)                  OML/cmm/m/it --> OML/lmm/m/it on input line 23.
LaTeX Font Info:    Overwriting symbol font `symbols' in version `normal'
(Font)                  OMS/cmsy/m/n --> OMS/lmsy/m/n on input line 24.
LaTeX Font Info:    Overwriting symbol font `largesymbols' in version `normal'
(Font)                  OMX/cmex/m/n --> OMX/lmex/m/n on input line 25.
LaTeX Font Info:    Overwriting symbol font `operators' in version `bold'
(Font)                  OT1/cmr/bx/n --> OT1/lmr/bx/n on input line 26.
LaTeX Font Info:    Overwriting symbol font `letters' in version `bold'
(Font)                  OML/cmm/b/it --> OML/lmm/b/it on input line 27.
LaTeX Font Info:    Overwriting symbol font `symbols' in version `bold'
(Font)                  OMS/cmsy/b/n --> OMS/lmsy/b/n on input line 28.
LaTeX Font Info:    Overwriting symbol font `largesymbols' in version `bold'
(Font)                  OMX/cmex/m/n --> OMX/lmex/m/n on input line 29.
LaTeX Font Info:    Overwriting math alphabet `\mathbf' in version `normal'
(Font)                  OT1/cmr/bx/n --> OT1/lmr/bx/n on input line 31.
LaTeX Font Info:    Overwriting math alphabet `\mathsf' in version `normal'
(Font)                  OT1/cmss/m/n --> OT1/lmss/m/n on input line 32.
LaTeX Font Info:    Overwriting math alphabet `\mathit' in version `normal'
(Font)                  OT1/cmr/m/it --> OT1/lmr/m/it on input line 33.
LaTeX Font Info:    Overwriting math alphabet `\mathtt' in version `normal'
(Font)                  OT1/cmtt/m/n --> OT1/lmtt/m/n on input line 34.
LaTeX Font Info:    Overwriting math alphabet `\mathbf' in version `bold'
(Font)                  OT1/cmr/bx/n --> OT1/lmr/bx/n on input line 35.
LaTeX Font Info:    Overwriting math alphabet `\mathsf' in version `bold'
(Font)                  OT1/cmss/bx/n --> OT1/lmss/bx/n on input line 36.
LaTeX Font Info:    Overwriting math alphabet `\mathit' in version `bold'
(Font)                  OT1/cmr/bx/it --> OT1/lmr/bx/it on input line 37.
LaTeX Font Info:    Overwriting math alphabet `\mathtt' in version `bold'
(Font)                  OT1/cmtt/m/n --> OT1/lmtt/m/n on input line 38.
) (c:/texlive/2021/texmf-dist/tex/latex/graphics/graphicx.sty
Package: graphicx 2021/09/16 v1.2d Enhanced LaTeX Graphics (DPC,SPQR)
 (c:/texlive/2021/texmf-dist/tex/latex/graphics/keyval.sty
Package: keyval 2014/10/28 v1.15 key=value parser (DPC)
\KV@toks@=\toks18
) (c:/texlive/2021/texmf-dist/tex/latex/graphics/graphics.sty
Package: graphics 2021/03/04 v1.4d Standard LaTeX Graphics (DPC,SPQR)
 (c:/texlive/2021/texmf-dist/tex/latex/graphics/trig.sty
Package: trig 2021/08/11 v1.11 sin cos tan (DPC)
) (c:/texlive/2021/texmf-dist/tex/latex/graphics-cfg/graphics.cfg
File: graphics.cfg 2016/06/04 v1.11 sample graphics configuration
)
Package graphics Info: Driver file: pdftex.def on input line 107.
 (c:/texlive/2021/texmf-dist/tex/latex/graphics-def/pdftex.def
File: pdftex.def 2020/10/05 v1.2a Graphics/color driver for pdftex
))
\Gin@req@height=\dimen139
\Gin@req@width=\dimen140
) (c:/texlive/2021/texmf-dist/tex/latex/graphics/color.sty
Package: color 2021/12/07 v1.3c Standard LaTeX Color (DPC)
 (c:/texlive/2021/texmf-dist/tex/latex/graphics-cfg/color.cfg
File: color.cfg 2016/01/02 v1.6 sample color configuration
)
Package color Info: Driver file: pdftex.def on input line 149.
) (c:/texlive/2021/texmf-dist/tex/latex/hyperref/hyperref.sty
Package: hyperref 2022-02-21 v7.00n Hypertext links for LaTeX
 (c:/texlive/2021/texmf-dist/tex/generic/ltxcmds/ltxcmds.sty
Package: ltxcmds 2020-05-10 v1.25 LaTeX kernel commands for general use (HO)
) (c:/texlive/2021/texmf-dist/tex/generic/iftex/iftex.sty
Package: iftex 2022/02/03 v1.0f TeX engine tests
) (c:/texlive/2021/texmf-dist/tex/generic/pdftexcmds/pdftexcmds.sty
Package: pdftexcmds 2020-06-27 v0.33 Utility functions of pdfTeX for LuaTeX (HO)
 (c:/texlive/2021/texmf-dist/tex/generic/infwarerr/infwarerr.sty
Package: infwarerr 2019/12/03 v1.5 Providing info/warning/error messages (HO)
)
Package pdftexcmds Info: \pdf@primitive is available.
Package pdftexcmds Info: \pdf@ifprimitive is available.
Package pdftexcmds Info: \pdfdraftmode found.
) (c:/texlive/2021/texmf-dist/tex/generic/kvsetkeys/kvsetkeys.sty
Package: kvsetkeys 2019/12/15 v1.18 Key value parser (HO)
) (c:/texlive/2021/texmf-dist/tex/generic/kvdefinekeys/kvdefinekeys.sty
Package: kvdefinekeys 2019-12-19 v1.6 Define keys (HO)
) (c:/texlive/2021/texmf-dist/tex/generic/pdfescape/pdfescape.sty
Package: pdfescape 2019/12/09 v1.15 Implements pdfTeX's escape features (HO)
) (c:/texlive/2021/texmf-dist/tex/latex/hycolor/hycolor.sty
Package: hycolor 2020-01-27 v1.10 Color options for hyperref/bookmark (HO)
) (c:/texlive/2021/texmf-dist/tex/latex/letltxmacro/letltxmacro.sty
Package: letltxmacro 2019/12/03 v1.6 Let assignment for LaTeX macros (HO)
) (c:/texlive/2021/texmf-dist/tex/latex/auxhook/auxhook.sty
Package: auxhook 2019-12-17 v1.6 Hooks for auxiliary files (HO)
) (c:/texlive/2021/texmf-dist/tex/latex/kvoptions/kvoptions.sty
Package: kvoptions 2020-10-07 v3.14 Key value format for package options (HO)
)
\@linkdim=\dimen141
\Hy@linkcounter=\count193
\Hy@pagecounter=\count194
 (c:/texlive/2021/texmf-dist/tex/latex/hyperref/pd1enc.def
File: pd1enc.def 2022-02-21 v7.00n Hyperref: PDFDocEncoding definition (HO)
Now handling font encoding PD1 ...
... no UTF-8 mapping file for font encoding PD1
) (c:/texlive/2021/texmf-dist/tex/generic/intcalc/intcalc.sty
Package: intcalc 2019/12/15 v1.3 Expandable calculations with integers (HO)
) (c:/texlive/2021/texmf-dist/tex/generic/etexcmds/etexcmds.sty
Package: etexcmds 2019/12/15 v1.7 Avoid name clashes with e-TeX commands (HO)
)
\Hy@SavedSpaceFactor=\count195
 (c:/texlive/2021/texmf-dist/tex/latex/hyperref/puenc.def
File: puenc.def 2022-02-21 v7.00n Hyperref: PDF Unicode definition (HO)
Now handling font encoding PU ...
... no UTF-8 mapping file for font encoding PU
)
Package hyperref Info: Hyper figures OFF on input line 4137.
Package hyperref Info: Link nesting OFF on input line 4142.
Package hyperref Info: Hyper index ON on input line 4145.
Package hyperref Info: Plain pages OFF on input line 4152.
Package hyperref Info: Backreferencing OFF on input line 4157.
Package hyperref Info: Implicit mode ON; LaTeX internals redefined.
Package hyperref Info: Bookmarks ON on input line 4390.
\c@Hy@tempcnt=\count196
 (c:/texlive/2021/texmf-dist/tex/latex/url/url.sty
\Urlmuskip=\muskip16
Package: url 2013/09/16  ver 3.4  Verb mode for urls, etc.
)
LaTeX Info: Redefining \url on input line 4749.
\XeTeXLinkMargin=\dimen142
 (c:/texlive/2021/texmf-dist/tex/generic/bitset/bitset.sty
Package: bitset 2019/12/09 v1.3 Handle bit-vector datatype (HO)
 (c:/texlive/2021/texmf-dist/tex/generic/bigintcalc/bigintcalc.sty
Package: bigintcalc 2019/12/15 v1.5 Expandable calculations on big integers (HO)
))
\Fld@menulength=\count197
\Field@Width=\dimen143
\Fld@charsize=\dimen144
Package hyperref Info: Hyper figures OFF on input line 6027.
Package hyperref Info: Link nesting OFF on input line 6032.
Package hyperref Info: Hyper index ON on input line 6035.
Package hyperref Info: backreferencing OFF on input line 6042.
Package hyperref Info: Link coloring OFF on input line 6047.
Package hyperref Info: Link coloring with OCG OFF on input line 6052.
Package hyperref Info: PDF/A mode OFF on input line 6057.
LaTeX Info: Redefining \ref on input line 6097.
LaTeX Info: Redefining \pageref on input line 6101.
 (c:/texlive/2021/texmf-dist/tex/latex/base/atbegshi-ltx.sty
Package: atbegshi-ltx 2021/01/10 v1.0c Emulation of the original atbegshi
package with kernel methods
)
\Hy@abspage=\count198
\c@Item=\count199
\c@Hfootnote=\count266
)
Package hyperref Info: Driver (autodetected): hpdftex.
 (c:/texlive/2021/texmf-dist/tex/latex/hyperref/hpdftex.def
File: hpdftex.def 2022-02-21 v7.00n Hyperref driver for pdfTeX
 (c:/texlive/2021/texmf-dist/tex/latex/base/atveryend-ltx.sty
Package: atveryend-ltx 2020/08/19 v1.0a Emulation of the original atveryend package
with kernel methods
)
\Fld@listcount=\count267
\c@bookmark@seq@number=\count268
 (c:/texlive/2021/texmf-dist/tex/latex/rerunfilecheck/rerunfilecheck.sty
Package: rerunfilecheck 2019/12/05 v1.9 Rerun checks for auxiliary files (HO)
 (c:/texlive/2021/texmf-dist/tex/generic/uniquecounter/uniquecounter.sty
Package: uniquecounter 2019/12/15 v1.4 Provide unlimited unique counter (HO)
)
Package uniquecounter Info: New unique counter `rerunfilecheck' on input line 286.
)
\Hy@SectionHShift=\skip49
) (c:/texlive/2021/texmf-dist/tex/latex/amsmath/amsmath.sty
Package: amsmath 2021/10/15 v2.17l AMS math features
\@mathmargin=\skip50

For additional information on amsmath, use the `?' option.
(c:/texlive/2021/texmf-dist/tex/latex/amsmath/amstext.sty
Package: amstext 2021/08/26 v2.01 AMS text
 (c:/texlive/2021/texmf-dist/tex/latex/amsmath/amsgen.sty
File: amsgen.sty 1999/11/30 v2.0 generic functions
\@emptytoks=\toks19
\ex@=\dimen145
)) (c:/texlive/2021/texmf-dist/tex/latex/amsmath/amsbsy.sty
Package: amsbsy 1999/11/29 v1.2d Bold Symbols
\pmbraise@=\dimen146
) (c:/texlive/2021/texmf-dist/tex/latex/amsmath/amsopn.sty
Package: amsopn 2021/08/26 v2.02 operator names
)
\inf@bad=\count269
LaTeX Info: Redefining \frac on input line 234.
\uproot@=\count270
\leftroot@=\count271
LaTeX Info: Redefining \overline on input line 399.
\classnum@=\count272
\DOTSCASE@=\count273
LaTeX Info: Redefining \ldots on input line 496.
LaTeX Info: Redefining \dots on input line 499.
LaTeX Info: Redefining \cdots on input line 620.
\Mathstrutbox@=\box50
\strutbox@=\box51
\big@size=\dimen147
LaTeX Font Info:    Redeclaring font encoding OML on input line 743.
LaTeX Font Info:    Redeclaring font encoding OMS on input line 744.
\macc@depth=\count274
\c@MaxMatrixCols=\count275
\dotsspace@=\muskip17
\c@parentequation=\count276
\dspbrk@lvl=\count277
\tag@help=\toks20
\row@=\count278
\column@=\count279
\maxfields@=\count280
\andhelp@=\toks21
\eqnshift@=\dimen148
\alignsep@=\dimen149
\tagshift@=\dimen150
\tagwidth@=\dimen151
\totwidth@=\dimen152
\lineht@=\dimen153
\@envbody=\toks22
\multlinegap=\skip51
\multlinetaggap=\skip52
\mathdisplay@stack=\toks23
LaTeX Info: Redefining \[ on input line 2938.
LaTeX Info: Redefining \] on input line 2939.
) (c:/texlive/2021/texmf-dist/tex/latex/amsfonts/amsfonts.sty
Package: amsfonts 2013/01/14 v3.01 Basic AMSFonts support
\symAMSa=\mathgroup4
\symAMSb=\mathgroup5
LaTeX Font Info:    Redeclaring math symbol \hbar on input line 98.
LaTeX Font Info:    Overwriting math alphabet `\mathfrak' in version `bold'
(Font)                  U/euf/m/n --> U/euf/b/n on input line 106.
) (c:/texlive/2021/texmf-dist/tex/latex/epstopdf-pkg/epstopdf.sty
Package: epstopdf 2020-01-24 v2.11 Conversion with epstopdf on the fly (HO)
 (c:/texlive/2021/texmf-dist/tex/latex/grfext/grfext.sty
Package: grfext 2019/12/03 v1.3 Manage graphics extensions (HO)
) (c:/texlive/2021/texmf-dist/tex/latex/epstopdf-pkg/epstopdf-base.sty
Package: epstopdf-base 2020-01-24 v2.11 Base part for package epstopdf
Package epstopdf-base Info: Redefining graphics rule for `.eps' on input line 485.
Package grfext Info: Graphics extension search list:
(grfext)             [.pdf,.png,.jpg,.mps,.jpeg,.jbig2,.jb2,.PDF,.PNG,.JPG,.JPEG,.JBIG2,.JB2,.eps]
(grfext)             \AppendGraphicsExtensions on input line 504.
 (c:/texlive/2021/texmf-dist/tex/latex/latexconfig/epstopdf-sys.cfg
File: epstopdf-sys.cfg 2010/07/13 v1.3 Configuration of (r)epstopdf for TeX Live
))) (c:/texlive/2021/texmf-dist/tex/latex/xcolor/xcolor.sty
Package: xcolor 2021/10/31 v2.13 LaTeX color extensions (UK)
 (c:/texlive/2021/texmf-dist/tex/latex/graphics-cfg/color.cfg
File: color.cfg 2016/01/02 v1.6 sample color configuration
)
Package xcolor Info: Driver file: pdftex.def on input line 227.
 (c:/texlive/2021/texmf-dist/tex/latex/colortbl/colortbl.sty
Package: colortbl 2020/01/04 v1.0e Color table columns (DPC)
 (c:/texlive/2021/texmf-dist/tex/latex/tools/array.sty
Package: array 2021/10/04 v2.5f Tabular extension package (FMi)
\col@sep=\dimen154
\ar@mcellbox=\box52
\extrarowheight=\dimen155
\NC@list=\toks24
\extratabsurround=\skip53
\backup@length=\skip54
\ar@cellbox=\box53
)
\everycr=\toks25
\minrowclearance=\skip55
)
LaTeX Info: Redefining \color on input line 711.
\rownum=\count281
Package xcolor Info: Model `cmy' substituted by `cmy0' on input line 1352.
Package xcolor Info: Model `hsb' substituted by `rgb' on input line 1356.
Package xcolor Info: Model `RGB' extended on input line 1368.
Package xcolor Info: Model `HTML' substituted by `rgb' on input line 1370.
Package xcolor Info: Model `Hsb' substituted by `hsb' on input line 1371.
Package xcolor Info: Model `tHsb' substituted by `hsb' on input line 1372.
Package xcolor Info: Model `HSB' substituted by `hsb' on input line 1373.
Package xcolor Info: Model `Gray' substituted by `gray' on input line 1374.
Package xcolor Info: Model `wave' substituted by `hsb' on input line 1375.
) (./matlab.sty
Package: matlab 
 (c:/texlive/2021/texmf-dist/tex/latex/tools/verbatim.sty
Package: verbatim 2020-07-07 v1.5u LaTeX2e package for verbatim enhancements
\every@verbatim=\toks26
\verbatim@line=\toks27
\verbatim@in@stream=\read2
) (c:/texlive/2021/texmf-dist/tex/latex/fancyvrb/fancyvrb.sty
Package: fancyvrb 2021/12/21 4.1b verbatim text (tvz,hv)
\FV@CodeLineNo=\count282
\FV@InFile=\read3
\FV@TabBox=\box54
\c@FancyVerbLine=\count283
\FV@StepNumber=\count284
\FV@OutFile=\write3
) (c:/texlive/2021/texmf-dist/tex/latex/base/alltt.sty
Package: alltt 2021/01/29 v2.0g defines alltt environment
) (c:/texlive/2021/texmf-dist/tex/latex/upquote/upquote.sty
Package: upquote 2012/04/19 v1.3 upright-quote and grave-accent glyphs in verbatim
 (c:/texlive/2021/texmf-dist/tex/latex/base/textcomp.sty
Package: textcomp 2020/02/02 v2.0n Standard LaTeX package
)) (c:/texlive/2021/texmf-dist/tex/latex/mdframed/mdframed.sty
Package: mdframed 2013/07/01 1.9b: mdframed
 (c:/texlive/2021/texmf-dist/tex/latex/l3packages/xparse/xparse.sty (c:/texlive/2021/texmf-dist/tex/latex/l3kernel/expl3.sty
Package: expl3 2022-02-24 L3 programming layer (loader) 
 (c:/texlive/2021/texmf-dist/tex/latex/l3backend/l3backend-pdftex.def
File: l3backend-pdftex.def 2022-02-07 L3 backend support: PDF output (pdfTeX)
\l__color_backend_stack_int=\count285
\l__pdf_internal_box=\box55
))
Package: xparse 2022-01-12 L3 Experimental document command parser
) (c:/texlive/2021/texmf-dist/tex/latex/etoolbox/etoolbox.sty
Package: etoolbox 2020/10/05 v2.5k e-TeX tools for LaTeX (JAW)
\etb@tempcnta=\count286
) (c:/texlive/2021/texmf-dist/tex/latex/zref/zref-abspage.sty
Package: zref-abspage 2020-07-03 v2.32 Module abspage for zref (HO)
 (c:/texlive/2021/texmf-dist/tex/latex/zref/zref-base.sty
Package: zref-base 2020-07-03 v2.32 Module base for zref (HO)
Package zref Info: New property list: main on input line 764.
Package zref Info: New property: default on input line 765.
Package zref Info: New property: page on input line 766.
)
\c@abspage=\count287
Package zref Info: New property: abspage on input line 66.
) (c:/texlive/2021/texmf-dist/tex/latex/needspace/needspace.sty
Package: needspace 2010/09/12 v1.3d reserve vertical space
)
\mdf@templength=\skip56
\c@mdf@globalstyle@cnt=\count288
\mdf@skipabove@length=\skip57
\mdf@skipbelow@length=\skip58
\mdf@leftmargin@length=\skip59
\mdf@rightmargin@length=\skip60
\mdf@innerleftmargin@length=\skip61
\mdf@innerrightmargin@length=\skip62
\mdf@innertopmargin@length=\skip63
\mdf@innerbottommargin@length=\skip64
\mdf@splittopskip@length=\skip65
\mdf@splitbottomskip@length=\skip66
\mdf@outermargin@length=\skip67
\mdf@innermargin@length=\skip68
\mdf@linewidth@length=\skip69
\mdf@innerlinewidth@length=\skip70
\mdf@middlelinewidth@length=\skip71
\mdf@outerlinewidth@length=\skip72
\mdf@roundcorner@length=\skip73
\mdf@footenotedistance@length=\skip74
\mdf@userdefinedwidth@length=\skip75
\mdf@needspace@length=\skip76
\mdf@frametitleaboveskip@length=\skip77
\mdf@frametitlebelowskip@length=\skip78
\mdf@frametitlerulewidth@length=\skip79
\mdf@frametitleleftmargin@length=\skip80
\mdf@frametitlerightmargin@length=\skip81
\mdf@shadowsize@length=\skip82
\mdf@extratopheight@length=\skip83
\mdf@subtitleabovelinewidth@length=\skip84
\mdf@subtitlebelowlinewidth@length=\skip85
\mdf@subtitleaboveskip@length=\skip86
\mdf@subtitlebelowskip@length=\skip87
\mdf@subtitleinneraboveskip@length=\skip88
\mdf@subtitleinnerbelowskip@length=\skip89
\mdf@subsubtitleabovelinewidth@length=\skip90
\mdf@subsubtitlebelowlinewidth@length=\skip91
\mdf@subsubtitleaboveskip@length=\skip92
\mdf@subsubtitlebelowskip@length=\skip93
\mdf@subsubtitleinneraboveskip@length=\skip94
\mdf@subsubtitleinnerbelowskip@length=\skip95
 (c:/texlive/2021/texmf-dist/tex/latex/pgf/frontendlayer/tikz.sty (c:/texlive/2021/texmf-dist/tex/latex/pgf/basiclayer/pgf.sty (c:/texlive/2021/texmf-dist/tex/latex/pgf/utilities/pgfrcs.sty (c:/texlive/2021/texmf-dist/tex/generic/pgf/utilities/pgfutil-common.tex
\pgfutil@everybye=\toks28
\pgfutil@tempdima=\dimen156
\pgfutil@tempdimb=\dimen157
 (c:/texlive/2021/texmf-dist/tex/generic/pgf/utilities/pgfutil-common-lists.tex)) (c:/texlive/2021/texmf-dist/tex/generic/pgf/utilities/pgfutil-latex.def
\pgfutil@abb=\box56
) (c:/texlive/2021/texmf-dist/tex/generic/pgf/utilities/pgfrcs.code.tex (c:/texlive/2021/texmf-dist/tex/generic/pgf/pgf.revision.tex)
Package: pgfrcs 2021/05/15 v3.1.9a (3.1.9a)
))
Package: pgf 2021/05/15 v3.1.9a (3.1.9a)
 (c:/texlive/2021/texmf-dist/tex/latex/pgf/basiclayer/pgfcore.sty (c:/texlive/2021/texmf-dist/tex/latex/pgf/systemlayer/pgfsys.sty (c:/texlive/2021/texmf-dist/tex/generic/pgf/systemlayer/pgfsys.code.tex
Package: pgfsys 2021/05/15 v3.1.9a (3.1.9a)
 (c:/texlive/2021/texmf-dist/tex/generic/pgf/utilities/pgfkeys.code.tex
\pgfkeys@pathtoks=\toks29
\pgfkeys@temptoks=\toks30
 (c:/texlive/2021/texmf-dist/tex/generic/pgf/utilities/pgfkeysfiltered.code.tex
\pgfkeys@tmptoks=\toks31
))
\pgf@x=\dimen158
\pgf@y=\dimen159
\pgf@xa=\dimen160
\pgf@ya=\dimen161
\pgf@xb=\dimen162
\pgf@yb=\dimen163
\pgf@xc=\dimen164
\pgf@yc=\dimen165
\pgf@xd=\dimen166
\pgf@yd=\dimen167
\w@pgf@writea=\write4
\r@pgf@reada=\read4
\c@pgf@counta=\count289
\c@pgf@countb=\count290
\c@pgf@countc=\count291
\c@pgf@countd=\count292
\t@pgf@toka=\toks32
\t@pgf@tokb=\toks33
\t@pgf@tokc=\toks34
\pgf@sys@id@count=\count293
 (c:/texlive/2021/texmf-dist/tex/generic/pgf/systemlayer/pgf.cfg
File: pgf.cfg 2021/05/15 v3.1.9a (3.1.9a)
)
Driver file for pgf: pgfsys-pdftex.def
 (c:/texlive/2021/texmf-dist/tex/generic/pgf/systemlayer/pgfsys-pdftex.def
File: pgfsys-pdftex.def 2021/05/15 v3.1.9a (3.1.9a)
 (c:/texlive/2021/texmf-dist/tex/generic/pgf/systemlayer/pgfsys-common-pdf.def
File: pgfsys-common-pdf.def 2021/05/15 v3.1.9a (3.1.9a)
))) (c:/texlive/2021/texmf-dist/tex/generic/pgf/systemlayer/pgfsyssoftpath.code.tex
File: pgfsyssoftpath.code.tex 2021/05/15 v3.1.9a (3.1.9a)
\pgfsyssoftpath@smallbuffer@items=\count294
\pgfsyssoftpath@bigbuffer@items=\count295
) (c:/texlive/2021/texmf-dist/tex/generic/pgf/systemlayer/pgfsysprotocol.code.tex
File: pgfsysprotocol.code.tex 2021/05/15 v3.1.9a (3.1.9a)
)) (c:/texlive/2021/texmf-dist/tex/generic/pgf/basiclayer/pgfcore.code.tex
Package: pgfcore 2021/05/15 v3.1.9a (3.1.9a)
 (c:/texlive/2021/texmf-dist/tex/generic/pgf/math/pgfmath.code.tex (c:/texlive/2021/texmf-dist/tex/generic/pgf/math/pgfmathcalc.code.tex (c:/texlive/2021/texmf-dist/tex/generic/pgf/math/pgfmathutil.code.tex) (c:/texlive/2021/texmf-dist/tex/generic/pgf/math/pgfmathparser.code.tex
\pgfmath@dimen=\dimen168
\pgfmath@count=\count296
\pgfmath@box=\box57
\pgfmath@toks=\toks35
\pgfmath@stack@operand=\toks36
\pgfmath@stack@operation=\toks37
) (c:/texlive/2021/texmf-dist/tex/generic/pgf/math/pgfmathfunctions.code.tex (c:/texlive/2021/texmf-dist/tex/generic/pgf/math/pgfmathfunctions.basic.code.tex) (c:/texlive/2021/texmf-dist/tex/generic/pgf/math/pgfmathfunctions.trigonometric.code.tex) (c:/texlive/2021/texmf-dist/tex/generic/pgf/math/pgfmathfunctions.random.code.tex) (c:/texlive/2021/texmf-dist/tex/generic/pgf/math/pgfmathfunctions.comparison.code.tex) (c:/texlive/2021/texmf-dist/tex/generic/pgf/math/pgfmathfunctions.base.code.tex) (c:/texlive/2021/texmf-dist/tex/generic/pgf/math/pgfmathfunctions.round.code.tex) (c:/texlive/2021/texmf-dist/tex/generic/pgf/math/pgfmathfunctions.misc.code.tex) (c:/texlive/2021/texmf-dist/tex/generic/pgf/math/pgfmathfunctions.integerarithmetics.code.tex))) (c:/texlive/2021/texmf-dist/tex/generic/pgf/math/pgfmathfloat.code.tex
\c@pgfmathroundto@lastzeros=\count297
)) (c:/texlive/2021/texmf-dist/tex/generic/pgf/math/pgfint.code.tex) (c:/texlive/2021/texmf-dist/tex/generic/pgf/basiclayer/pgfcorepoints.code.tex
File: pgfcorepoints.code.tex 2021/05/15 v3.1.9a (3.1.9a)
\pgf@picminx=\dimen169
\pgf@picmaxx=\dimen170
\pgf@picminy=\dimen171
\pgf@picmaxy=\dimen172
\pgf@pathminx=\dimen173
\pgf@pathmaxx=\dimen174
\pgf@pathminy=\dimen175
\pgf@pathmaxy=\dimen176
\pgf@xx=\dimen177
\pgf@xy=\dimen178
\pgf@yx=\dimen179
\pgf@yy=\dimen180
\pgf@zx=\dimen181
\pgf@zy=\dimen182
) (c:/texlive/2021/texmf-dist/tex/generic/pgf/basiclayer/pgfcorepathconstruct.code.tex
File: pgfcorepathconstruct.code.tex 2021/05/15 v3.1.9a (3.1.9a)
\pgf@path@lastx=\dimen183
\pgf@path@lasty=\dimen184
) (c:/texlive/2021/texmf-dist/tex/generic/pgf/basiclayer/pgfcorepathusage.code.tex
File: pgfcorepathusage.code.tex 2021/05/15 v3.1.9a (3.1.9a)
\pgf@shorten@end@additional=\dimen185
\pgf@shorten@start@additional=\dimen186
) (c:/texlive/2021/texmf-dist/tex/generic/pgf/basiclayer/pgfcorescopes.code.tex
File: pgfcorescopes.code.tex 2021/05/15 v3.1.9a (3.1.9a)
\pgfpic=\box58
\pgf@hbox=\box59
\pgf@layerbox@main=\box60
\pgf@picture@serial@count=\count298
) (c:/texlive/2021/texmf-dist/tex/generic/pgf/basiclayer/pgfcoregraphicstate.code.tex
File: pgfcoregraphicstate.code.tex 2021/05/15 v3.1.9a (3.1.9a)
\pgflinewidth=\dimen187
) (c:/texlive/2021/texmf-dist/tex/generic/pgf/basiclayer/pgfcoretransformations.code.tex
File: pgfcoretransformations.code.tex 2021/05/15 v3.1.9a (3.1.9a)
\pgf@pt@x=\dimen188
\pgf@pt@y=\dimen189
\pgf@pt@temp=\dimen190
) (c:/texlive/2021/texmf-dist/tex/generic/pgf/basiclayer/pgfcorequick.code.tex
File: pgfcorequick.code.tex 2021/05/15 v3.1.9a (3.1.9a)
) (c:/texlive/2021/texmf-dist/tex/generic/pgf/basiclayer/pgfcoreobjects.code.tex
File: pgfcoreobjects.code.tex 2021/05/15 v3.1.9a (3.1.9a)
) (c:/texlive/2021/texmf-dist/tex/generic/pgf/basiclayer/pgfcorepathprocessing.code.tex
File: pgfcorepathprocessing.code.tex 2021/05/15 v3.1.9a (3.1.9a)
) (c:/texlive/2021/texmf-dist/tex/generic/pgf/basiclayer/pgfcorearrows.code.tex
File: pgfcorearrows.code.tex 2021/05/15 v3.1.9a (3.1.9a)
\pgfarrowsep=\dimen191
) (c:/texlive/2021/texmf-dist/tex/generic/pgf/basiclayer/pgfcoreshade.code.tex
File: pgfcoreshade.code.tex 2021/05/15 v3.1.9a (3.1.9a)
\pgf@max=\dimen192
\pgf@sys@shading@range@num=\count299
\pgf@shadingcount=\count300
) (c:/texlive/2021/texmf-dist/tex/generic/pgf/basiclayer/pgfcoreimage.code.tex
File: pgfcoreimage.code.tex 2021/05/15 v3.1.9a (3.1.9a)
 (c:/texlive/2021/texmf-dist/tex/generic/pgf/basiclayer/pgfcoreexternal.code.tex
File: pgfcoreexternal.code.tex 2021/05/15 v3.1.9a (3.1.9a)
\pgfexternal@startupbox=\box61
)) (c:/texlive/2021/texmf-dist/tex/generic/pgf/basiclayer/pgfcorelayers.code.tex
File: pgfcorelayers.code.tex 2021/05/15 v3.1.9a (3.1.9a)
) (c:/texlive/2021/texmf-dist/tex/generic/pgf/basiclayer/pgfcoretransparency.code.tex
File: pgfcoretransparency.code.tex 2021/05/15 v3.1.9a (3.1.9a)
) (c:/texlive/2021/texmf-dist/tex/generic/pgf/basiclayer/pgfcorepatterns.code.tex
File: pgfcorepatterns.code.tex 2021/05/15 v3.1.9a (3.1.9a)
) (c:/texlive/2021/texmf-dist/tex/generic/pgf/basiclayer/pgfcorerdf.code.tex
File: pgfcorerdf.code.tex 2021/05/15 v3.1.9a (3.1.9a)
))) (c:/texlive/2021/texmf-dist/tex/generic/pgf/modules/pgfmoduleshapes.code.tex
File: pgfmoduleshapes.code.tex 2021/05/15 v3.1.9a (3.1.9a)
\pgfnodeparttextbox=\box62
) (c:/texlive/2021/texmf-dist/tex/generic/pgf/modules/pgfmoduleplot.code.tex
File: pgfmoduleplot.code.tex 2021/05/15 v3.1.9a (3.1.9a)
) (c:/texlive/2021/texmf-dist/tex/latex/pgf/compatibility/pgfcomp-version-0-65.sty
Package: pgfcomp-version-0-65 2021/05/15 v3.1.9a (3.1.9a)
\pgf@nodesepstart=\dimen193
\pgf@nodesepend=\dimen194
) (c:/texlive/2021/texmf-dist/tex/latex/pgf/compatibility/pgfcomp-version-1-18.sty
Package: pgfcomp-version-1-18 2021/05/15 v3.1.9a (3.1.9a)
)) (c:/texlive/2021/texmf-dist/tex/latex/pgf/utilities/pgffor.sty (c:/texlive/2021/texmf-dist/tex/latex/pgf/utilities/pgfkeys.sty (c:/texlive/2021/texmf-dist/tex/generic/pgf/utilities/pgfkeys.code.tex)) (c:/texlive/2021/texmf-dist/tex/latex/pgf/math/pgfmath.sty (c:/texlive/2021/texmf-dist/tex/generic/pgf/math/pgfmath.code.tex)) (c:/texlive/2021/texmf-dist/tex/generic/pgf/utilities/pgffor.code.tex
Package: pgffor 2021/05/15 v3.1.9a (3.1.9a)
 (c:/texlive/2021/texmf-dist/tex/generic/pgf/math/pgfmath.code.tex)
\pgffor@iter=\dimen195
\pgffor@skip=\dimen196
\pgffor@stack=\toks38
\pgffor@toks=\toks39
)) (c:/texlive/2021/texmf-dist/tex/generic/pgf/frontendlayer/tikz/tikz.code.tex
Package: tikz 2021/05/15 v3.1.9a (3.1.9a)
 (c:/texlive/2021/texmf-dist/tex/generic/pgf/libraries/pgflibraryplothandlers.code.tex
File: pgflibraryplothandlers.code.tex 2021/05/15 v3.1.9a (3.1.9a)
\pgf@plot@mark@count=\count301
\pgfplotmarksize=\dimen197
)
\tikz@lastx=\dimen198
\tikz@lasty=\dimen199
\tikz@lastxsaved=\dimen256
\tikz@lastysaved=\dimen257
\tikz@lastmovetox=\dimen258
\tikz@lastmovetoy=\dimen259
\tikzleveldistance=\dimen260
\tikzsiblingdistance=\dimen261
\tikz@figbox=\box63
\tikz@figbox@bg=\box64
\tikz@tempbox=\box65
\tikz@tempbox@bg=\box66
\tikztreelevel=\count302
\tikznumberofchildren=\count303
\tikznumberofcurrentchild=\count304
\tikz@fig@count=\count305
 (c:/texlive/2021/texmf-dist/tex/generic/pgf/modules/pgfmodulematrix.code.tex
File: pgfmodulematrix.code.tex 2021/05/15 v3.1.9a (3.1.9a)
\pgfmatrixcurrentrow=\count306
\pgfmatrixcurrentcolumn=\count307
\pgf@matrix@numberofcolumns=\count308
)
\tikz@expandcount=\count309
 (c:/texlive/2021/texmf-dist/tex/generic/pgf/frontendlayer/tikz/libraries/tikzlibrarytopaths.code.tex
File: tikzlibrarytopaths.code.tex 2021/05/15 v3.1.9a (3.1.9a)
))) (c:/texlive/2021/texmf-dist/tex/latex/mdframed/md-frame-1.mdf
File: md-frame-1.mdf 2013/07/01\ 1.9b: md-frame-1
)
\mdf@frametitlebox=\box67
\mdf@footnotebox=\box68
\mdf@splitbox@one=\box69
\mdf@splitbox@two=\box70
\mdf@splitbox@save=\box71
\mdfsplitboxwidth=\skip96
\mdfsplitboxtotalwidth=\skip97
\mdfsplitboxheight=\skip98
\mdfsplitboxdepth=\skip99
\mdfsplitboxtotalheight=\skip100
\mdfframetitleboxwidth=\skip101
\mdfframetitleboxtotalwidth=\skip102
\mdfframetitleboxheight=\skip103
\mdfframetitleboxdepth=\skip104
\mdfframetitleboxtotalheight=\skip105
\mdffootnoteboxwidth=\skip106
\mdffootnoteboxtotalwidth=\skip107
\mdffootnoteboxheight=\skip108
\mdffootnoteboxdepth=\skip109
\mdffootnoteboxtotalheight=\skip110
\mdftotallinewidth=\skip111
\mdfboundingboxwidth=\skip112
\mdfboundingboxtotalwidth=\skip113
\mdfboundingboxheight=\skip114
\mdfboundingboxdepth=\skip115
\mdfboundingboxtotalheight=\skip116
\mdf@freevspace@length=\skip117
\mdf@horizontalwidthofbox@length=\skip118
\mdf@verticalmarginwhole@length=\skip119
\mdf@horizontalspaceofbox=\skip120
\mdfsubtitleheight=\skip121
\mdfsubsubtitleheight=\skip122
\c@mdfcountframes=\count310

****** mdframed patching \endmdf@trivlist

****** -- success******

\mdf@envdepth=\count311
\c@mdf@env@i=\count312
\c@mdf@env@ii=\count313
\c@mdf@zref@counter=\count314
Package zref Info: New property: mdf@pagevalue on input line 895.
)
   defining Unicode char U+B0 (decimal 176)
   defining Unicode char U+21B5 (decimal 8629)
Package hyperref Info: Option `colorlinks' set `true' on input line 30.
\c@multititle=\count315
\c@hastoc=\count316
)
LaTeX Font Info:    Trying to load font information for T1+lmr on input line 24.
 (c:/texlive/2021/texmf-dist/tex/latex/lm/t1lmr.fd
File: t1lmr.fd 2015/05/01 v1.6.1 Font defs for Latin Modern
) (./Project2.aux)
\openout1 = `Project2.aux'.

LaTeX Font Info:    Checking defaults for OML/cmm/m/it on input line 24.
LaTeX Font Info:    ... okay on input line 24.
LaTeX Font Info:    Checking defaults for OMS/cmsy/m/n on input line 24.
LaTeX Font Info:    ... okay on input line 24.
LaTeX Font Info:    Checking defaults for OT1/cmr/m/n on input line 24.
LaTeX Font Info:    ... okay on input line 24.
LaTeX Font Info:    Checking defaults for T1/cmr/m/n on input line 24.
LaTeX Font Info:    ... okay on input line 24.
LaTeX Font Info:    Checking defaults for TS1/cmr/m/n on input line 24.
LaTeX Font Info:    ... okay on input line 24.
LaTeX Font Info:    Checking defaults for OMX/cmex/m/n on input line 24.
LaTeX Font Info:    ... okay on input line 24.
LaTeX Font Info:    Checking defaults for U/cmr/m/n on input line 24.
LaTeX Font Info:    ... okay on input line 24.
LaTeX Font Info:    Checking defaults for PD1/pdf/m/n on input line 24.
LaTeX Font Info:    ... okay on input line 24.
LaTeX Font Info:    Checking defaults for PU/pdf/m/n on input line 24.
LaTeX Font Info:    ... okay on input line 24.
 (c:/texlive/2021/texmf-dist/tex/context/base/mkii/supp-pdf.mkii
[Loading MPS to PDF converter (version 2006.09.02).]
\scratchcounter=\count317
\scratchdimen=\dimen262
\scratchbox=\box72
\nofMPsegments=\count318
\nofMParguments=\count319
\everyMPshowfont=\toks40
\MPscratchCnt=\count320
\MPscratchDim=\dimen263
\MPnumerator=\count321
\makeMPintoPDFobject=\count322
\everyMPtoPDFconversion=\toks41
)
Package hyperref Info: Link coloring ON on input line 24.
 (c:/texlive/2021/texmf-dist/tex/latex/hyperref/nameref.sty
Package: nameref 2021-04-02 v2.47 Cross-referencing by name of section
 (c:/texlive/2021/texmf-dist/tex/latex/refcount/refcount.sty
Package: refcount 2019/12/15 v3.6 Data extraction from label references (HO)
) (c:/texlive/2021/texmf-dist/tex/generic/gettitlestring/gettitlestring.sty
Package: gettitlestring 2019/12/15 v1.6 Cleanup title references (HO)
)
\c@section@level=\count323
)
LaTeX Info: Redefining \ref on input line 24.
LaTeX Info: Redefining \pageref on input line 24.
LaTeX Info: Redefining \nameref on input line 24.
\@outlinefile=\write5
\openout5 = `Project2.out'.

LaTeX Font Info:    Trying to load font information for OT1+lmr on input line 37.
 (c:/texlive/2021/texmf-dist/tex/latex/lm/ot1lmr.fd
File: ot1lmr.fd 2015/05/01 v1.6.1 Font defs for Latin Modern
)
LaTeX Font Info:    Trying to load font information for OML+lmm on input line 37.
 (c:/texlive/2021/texmf-dist/tex/latex/lm/omllmm.fd
File: omllmm.fd 2015/05/01 v1.6.1 Font defs for Latin Modern
)
LaTeX Font Info:    Trying to load font information for OMS+lmsy on input line 37.
 (c:/texlive/2021/texmf-dist/tex/latex/lm/omslmsy.fd
File: omslmsy.fd 2015/05/01 v1.6.1 Font defs for Latin Modern
)
LaTeX Font Info:    Trying to load font information for OMX+lmex on input line 37.
 (c:/texlive/2021/texmf-dist/tex/latex/lm/omxlmex.fd
File: omxlmex.fd 2015/05/01 v1.6.1 Font defs for Latin Modern
)
LaTeX Font Info:    External font `lmex10' loaded for size
(Font)              <10> on input line 37.
LaTeX Font Info:    External font `lmex10' loaded for size
(Font)              <7> on input line 37.
LaTeX Font Info:    External font `lmex10' loaded for size
(Font)              <5> on input line 37.
LaTeX Font Info:    Trying to load font information for U+msa on input line 37.
 (c:/texlive/2021/texmf-dist/tex/latex/amsfonts/umsa.fd
File: umsa.fd 2013/01/14 v3.01 AMS symbols A
)
LaTeX Font Info:    Trying to load font information for U+msb on input line 37.
 (c:/texlive/2021/texmf-dist/tex/latex/amsfonts/umsb.fd
File: umsb.fd 2013/01/14 v3.01 AMS symbols B
)
LaTeX Font Info:    Trying to load font information for T1+lmtt on input line 44.
 (c:/texlive/2021/texmf-dist/tex/latex/lm/t1lmtt.fd
File: t1lmtt.fd 2015/05/01 v1.6.1 Font defs for Latin Modern
)
Overfull \hbox (301.54817pt too wide) in paragraph at lines 45--45
[]\T1/lmtt/m/n/10 fprintf("Minimum number of bits needed to map each symbol of f(x) using a fixed-length code = %d bits ",ceil(log2(6)));[] 
 []

LaTeX Font Info:    Trying to load font information for TS1+lmtt on input line 51.
(c:/texlive/2021/texmf-dist/tex/latex/lm/ts1lmtt.fd
File: ts1lmtt.fd 2015/05/01 v1.6.1 Font defs for Latin Modern
)
Overfull \hbox (149.29861pt too wide) in paragraph at lines 53--53
[]\T1/lmtt/m/n/10 array2table(dispTable, "VariableNames",{\TS1/lmtt/m/n/10 '\T1/lmtt/m/n/10 1\TS1/lmtt/m/n/10 ' '\T1/lmtt/m/n/10 2\TS1/lmtt/m/n/10 ' '\T1/lmtt/m/n/10 3\TS1/lmtt/m/n/10 ' '\T1/lmtt/m/n/10 4\TS1/lmtt/m/n/10 ' '\T1/lmtt/m/n/10 5\TS1/lmtt/m/n/10 ' '\T1/lmtt/m/n/10 6\TS1/lmtt/m/n/10 '\T1/lmtt/m/n/10 }, "RowNames",{\TS1/lmtt/m/n/10 '\T1/lmtt/m/n/10 Codeword\TS1/lmtt/m/n/10 '\T1/lmtt/m/n/10 })[] 
 []


Overfull \hbox (7.54903pt too wide) in paragraph at lines 75--75
[]\T1/lmtt/m/n/10 X_prob = [1/6 1/6 1/6 1/6 1/6 1/6]; % Symbol probability vector[] 
 []


Overfull \hbox (28.54897pt too wide) in paragraph at lines 76--76
[]\T1/lmtt/m/n/10 [codeword_dict_x,average_length_x] = huffmandict(X_symbols,X_prob);[] 
 []


Overfull \hbox (33.79895pt too wide) in paragraph at lines 78--78
[]\T1/lmtt/m/n/10 part1HuffmanTable.Properties.VariableNames = {\TS1/lmtt/m/n/10 '\T1/lmtt/m/n/10 Symbol\TS1/lmtt/m/n/10 '\T1/lmtt/m/n/10 , \TS1/lmtt/m/n/10 '\T1/lmtt/m/n/10 Codeword\TS1/lmtt/m/n/10 '\T1/lmtt/m/n/10 };[] 
 []


Overfull \hbox (317.29813pt too wide) in paragraph at lines 95--95
[]\T1/lmtt/m/n/10 %Generate a binary Huffman code, displaying the average code length and the cell array containing the codeword dictionary.[] 
 []


Overfull \hbox (96.79877pt too wide) in paragraph at lines 97--97
[]\T1/lmtt/m/n/10 %codeword_dict_x = cellfun(@num2str,codeword_dict_x(:,2),\TS1/lmtt/m/n/10 '\T1/lmtt/m/n/10 UniformOutput\TS1/lmtt/m/n/10 '\T1/lmtt/m/n/10 ,false);[] 
 []

[1

{c:/texlive/2021/texmf-var/fonts/map/pdftex/updmap/pdftex.map}]
Package mdframed Info: Not enough space on this page on input line 114.

Overfull \hbox (91.54878pt too wide) in paragraph at lines 119--119
[] \T1/lmtt/m/n/10 fprintf("Average Length of huffman code = %.3f bits/symbol ",average_length_x)[] 
 []

LaTeX Font Info:    Trying to load font information for TS1+lmr on input line 161.
(c:/texlive/2021/texmf-dist/tex/latex/lm/ts1lmr.fd
File: ts1lmr.fd 2015/05/01 v1.6.1 Font defs for Latin Modern
)
Overfull \hbox (642.79718pt too wide) in paragraph at lines 166--166
[]\T1/lmtt/m/n/10 load(strcat(fileparts(matlab.desktop.editor.getActiveFilename),"\ELCN446_Project2_Spring2022.mat"));        %load the attached .mat file    (You don\TS1/lmtt/m/n/10 '\T1/lmtt/m/n/10 t need to load it again in Part II)[] 
 []


Overfull \hbox (44.29892pt too wide) in paragraph at lines 167--167
[]\T1/lmtt/m/n/10 fprintf("The X variable is loaded and it has a length %d ",length(X));[] 
 []

[2]
Package mdframed Info: Not enough space on this page on input line 168.

Overfull \hbox (233.29837pt too wide) in paragraph at lines 173--173
[]\T1/lmtt/m/n/10 X_uniqueChars = unique(X); % String text has all characters, some are repeatedlenChar=length(uniqueChars);[] 
 []


Overfull \hbox (238.54836pt too wide) in paragraph at lines 187--187
[]\T1/lmtt/m/n/10 PMF_X = [length(length(X_uniqueChars))]; % declare the Probability Mass Function with size of special chars[] 
 []


Overfull \hbox (102.04875pt too wide) in paragraph at lines 199--199
[]\T1/lmtt/m/n/10 array2table(PMF_X, "RowNames",{\TS1/lmtt/m/n/10 '\T1/lmtt/m/n/10 PMF\TS1/lmtt/m/n/10 '\T1/lmtt/m/n/10 }, "VariableNames",{\TS1/lmtt/m/n/10 '\T1/lmtt/m/n/10 1\TS1/lmtt/m/n/10 ' '\T1/lmtt/m/n/10 2\TS1/lmtt/m/n/10 ' '\T1/lmtt/m/n/10 3\TS1/lmtt/m/n/10 ' '\T1/lmtt/m/n/10 4\TS1/lmtt/m/n/10 ' '\T1/lmtt/m/n/10 5\TS1/lmtt/m/n/10 ' '\T1/lmtt/m/n/10 6\TS1/lmtt/m/n/10 '\T1/lmtt/m/n/10 })[] 
 []


Overfull \hbox (23.29898pt too wide) in paragraph at lines 214--214
[]\T1/lmtt/m/n/10 %Generate the source coded code words using the fixed length code:[] 
 []


Overfull \hbox (12.79901pt too wide) in paragraph at lines 224--224
[]             \T1/lmtt/m/n/10 Transmit_X_fixed= FixedCode_X(j+temp*2:j+2+temp*2);[] 
 []


Overfull \hbox (149.29861pt too wide) in paragraph at lines 227--227
[]             \T1/lmtt/m/n/10 Transmit_X_fixed = append(Transmit_X_fixed,FixedCode_X(j+temp*2:j+2+temp*2));[] 
 []


Overfull \hbox (60.04887pt too wide) in paragraph at lines 237--237
[] \T1/lmtt/m/n/10 disp("The bits that are going to be transmitted using the Fixed code:");[] 
 []

[3]
Overfull \hbox (270.04826pt too wide) in paragraph at lines 250--250
[] \T1/lmtt/m/n/10 fprintf("The Total number of bits that are going to be transmitted using fixed code = %d", num_of_bits_X_fixed);[] 
 []


Overfull \hbox (81.04881pt too wide) in paragraph at lines 257--257
[]\T1/lmtt/m/n/10 %Decode the data. Verify that the decoded symbols match the original symbols.[] 
 []


Overfull \hbox (23.29898pt too wide) in paragraph at lines 259--259
[]\T1/lmtt/m/n/10 disp("Decode the Codewords back to symbols using the fixed code:")[] 
 []


Overfull \hbox (65.29886pt too wide) in paragraph at lines 276--276
[]          \T1/lmtt/m/n/10 if Transmit_X_fixed(i:(i+2)) == FixedCode_X(j+temp*2:j+2+temp*2)[] 
 []

[4] [5] [6] [7]
Overfull \hbox (333.04808pt too wide) in paragraph at lines 453--453
[]    \T1/lmtt/m/n/10 disp("No losses were found when using the Fixed Code since the recieved bits of X are the same as the transmitted bits");[] 
 []

Package mdframed Info: Not enough space on this page on input line 462.
[8]
Package mdframed Info: Not enough space on this page on input line 462.

Overfull \hbox (107.29874pt too wide) in paragraph at lines 467--467
[]\T1/lmtt/m/n/10 [dict_sentX,avglen_sentX] = huffmandict(X_uniqueChars,PMF_X);   %X_unique: Symbols[] 
 []


Overfull \hbox (39.04893pt too wide) in paragraph at lines 474--474
[]\T1/lmtt/m/n/10 dict_sentX = cellfun(@num2str,dict_sentX(:,2),\TS1/lmtt/m/n/10 '\T1/lmtt/m/n/10 UniformOutput\TS1/lmtt/m/n/10 '\T1/lmtt/m/n/10 ,false);[] 
 []


Overfull \hbox (243.79834pt too wide) in paragraph at lines 489--489
[]\T1/lmtt/m/n/10 %disp((append(regexprep(cell2mat(dict_sentX(1)), \TS1/lmtt/m/n/10 '\T1/lmtt/m/n/10 \s\TS1/lmtt/m/n/10 '\T1/lmtt/m/n/10 , \TS1/lmtt/m/n/10 ''\T1/lmtt/m/n/10 ) , regexprep(cell2mat(dict_sentX(3)), \TS1/lmtt/m/n/10 '\T1/lmtt/m/n/10 \s\TS1/lmtt/m/n/10 '\T1/lmtt/m/n/10 , \TS1/lmtt/m/n/10 ''\T1/lmtt/m/n/10 ))))[] 
 []


Overfull \hbox (191.2985pt too wide) in paragraph at lines 496--496
[]\T1/lmtt/m/n/10 %disp(regexprep(cell2mat(dict_sentX(3)), \TS1/lmtt/m/n/10 '\T1/lmtt/m/n/10 \s\TS1/lmtt/m/n/10 '\T1/lmtt/m/n/10 , \TS1/lmtt/m/n/10 ''\T1/lmtt/m/n/10 ) + regexprep(cell2mat(dict_sentX(2)), \TS1/lmtt/m/n/10 '\T1/lmtt/m/n/10 \s\TS1/lmtt/m/n/10 '\T1/lmtt/m/n/10 , \TS1/lmtt/m/n/10 ''\T1/lmtt/m/n/10 ))[] 
 []


Overfull \hbox (44.29892pt too wide) in paragraph at lines 509--509
[]             \T1/lmtt/m/n/10 Transmit_X= regexprep(cell2mat(dict_sentX(j)), \TS1/lmtt/m/n/10 '\T1/lmtt/m/n/10 \s\TS1/lmtt/m/n/10 '\T1/lmtt/m/n/10 , \TS1/lmtt/m/n/10 ''\T1/lmtt/m/n/10 );[] 
 []


Overfull \hbox (149.29861pt too wide) in paragraph at lines 512--512
[]             \T1/lmtt/m/n/10 Transmit_X = append(Transmit_X,regexprep(cell2mat(dict_sentX(j)), \TS1/lmtt/m/n/10 '\T1/lmtt/m/n/10 \s\TS1/lmtt/m/n/10 '\T1/lmtt/m/n/10 , \TS1/lmtt/m/n/10 ''\T1/lmtt/m/n/10 ));[] 
 []


Overfull \hbox (70.54884pt too wide) in paragraph at lines 518--518
[] \T1/lmtt/m/n/10 disp("The bits that are going to be transmitted using the huffman code:");[] 
 []

[9]
Overfull \hbox (149.29861pt too wide) in paragraph at lines 531--531
[] \T1/lmtt/m/n/10 fprintf("The Total number of bits that are going to be transmitted = %d", num_of_bits_X);[] 
 []


Overfull \hbox (81.04881pt too wide) in paragraph at lines 537--537
[]\T1/lmtt/m/n/10 %Decode the data. Verify that the decoded symbols match the original symbols.[] 
 []


Overfull \hbox (96.79877pt too wide) in paragraph at lines 556--556
[]          \T1/lmtt/m/n/10 if Transmit_X(i:(i+1)) == regexprep(cell2mat(dict_sentX(k)), \TS1/lmtt/m/n/10 '\T1/lmtt/m/n/10 \s\TS1/lmtt/m/n/10 '\T1/lmtt/m/n/10 , \TS1/lmtt/m/n/10 ''\T1/lmtt/m/n/10 )[] 
 []


Overfull \hbox (123.04869pt too wide) in paragraph at lines 563--563
[]          \T1/lmtt/m/n/10 elseif  Transmit_X(i:(i+2)) == regexprep(cell2mat(dict_sentX(j)), \TS1/lmtt/m/n/10 '\T1/lmtt/m/n/10 \s\TS1/lmtt/m/n/10 '\T1/lmtt/m/n/10 , \TS1/lmtt/m/n/10 ''\T1/lmtt/m/n/10 )[] 
 []

[10] [11] [12] [13]
Overfull \hbox (343.54805pt too wide) in paragraph at lines 738--738
[]    \T1/lmtt/m/n/10 disp("No losses were found when using the Huffman Code since the recieved bits of X are the same as the transmitted bits");[] 
 []

[14]
Overfull \hbox (301.54817pt too wide) in paragraph at lines 786--786
[]\T1/lmtt/m/n/10 fprintf("Minimum number of bits needed to map each symbol of f(y) using a fixed-length code = %d bits ",ceil(log2(6)));[] 
 []


Overfull \hbox (75.79883pt too wide) in paragraph at lines 792--792
[]\T1/lmtt/m/n/10 fprintf("Average code length for a fixed-length code = %.2f",ceil(log2(6)));[] 
 []


Overfull \hbox (133.54866pt too wide) in paragraph at lines 851--851
[]\T1/lmtt/m/n/10 Y_prob = [(0.5)^1 (0.5)^2 (0.5)^3 (0.5)^4 (0.5)^5 (0.5)^5]; % Symbol probability vector[] 
 []


Overfull \hbox (28.54897pt too wide) in paragraph at lines 852--852
[]\T1/lmtt/m/n/10 [codeword_dict_y,average_length_y] = huffmandict(Y_symbols,Y_prob);[] 
 []


Overfull \hbox (149.29861pt too wide) in paragraph at lines 853--853
[]\T1/lmtt/m/n/10 disp("Size of the representation of the code with the minimum number of bits for each Y");[] 
 []

[15]
Package mdframed Info: Not enough space on this page on input line 854.

Overfull \hbox (317.29813pt too wide) in paragraph at lines 877--877
[]\T1/lmtt/m/n/10 %Generate a binary Huffman code, displaying the average code length and the cell array containing the codeword dictionary.[] 
 []


Overfull \hbox (91.54878pt too wide) in paragraph at lines 879--879
[]\T1/lmtt/m/n/10 codeword_dict_y = cellfun(@num2str,codeword_dict_y(:,2),\TS1/lmtt/m/n/10 '\T1/lmtt/m/n/10 UniformOutput\TS1/lmtt/m/n/10 '\T1/lmtt/m/n/10 ,false);[] 
 []

Package mdframed Info: Not enough space on this page on input line 913.
[16]
Package mdframed Info: Not enough space on this page on input line 913.

Overfull \hbox (65.29886pt too wide) in paragraph at lines 918--918
[] \T1/lmtt/m/n/10 fprintf("Average Length of huffman code of f(y)=%.3f ",average_length_y);[] 
 []


Overfull \hbox (333.04808pt too wide) in paragraph at lines 981--981
[]\T1/lmtt/m/n/10 %load("ELCN446_Project2_Spring2022.mat");        %load the attached .mat file    (You don\TS1/lmtt/m/n/10 '\T1/lmtt/m/n/10 t need to load it again in Part II)[] 
 []


Overfull \hbox (44.29892pt too wide) in paragraph at lines 982--982
[]\T1/lmtt/m/n/10 fprintf("The Y variable is loaded and it has a length %d ",length(Y));[] 
 []

Package mdframed Info: Not enough space on this page on input line 983.
[17]
Package mdframed Info: Not enough space on this page on input line 983.

Overfull \hbox (233.29837pt too wide) in paragraph at lines 988--988
[]\T1/lmtt/m/n/10 Y_uniqueChars = unique(Y); % String text has all characters, some are repeatedlenChar=length(uniqueChars);[] 
 []


Overfull \hbox (238.54836pt too wide) in paragraph at lines 1002--1002
[]\T1/lmtt/m/n/10 PMF_Y = [length(length(Y_uniqueChars))]; % declare the Probability Mass Function with size of special chars[] 
 []


Overfull \hbox (23.29898pt too wide) in paragraph at lines 1036--1036
[]\T1/lmtt/m/n/10 %Generate the source coded code words using the fixed length code:[] 
 []

Package mdframed Info: Not enough space on this page on input line 1038.
[18]
Package mdframed Info: Not enough space on this page on input line 1038.

Overfull \hbox (12.79901pt too wide) in paragraph at lines 1058--1058
[]             \T1/lmtt/m/n/10 Transmit_Y_fixed= FixedCode_Y(j+temp*2:j+2+temp*2);[] 
 []


Overfull \hbox (149.29861pt too wide) in paragraph at lines 1061--1061
[]             \T1/lmtt/m/n/10 Transmit_Y_fixed = append(Transmit_Y_fixed,FixedCode_Y(j+temp*2:j+2+temp*2));[] 
 []


Overfull \hbox (60.04887pt too wide) in paragraph at lines 1071--1071
[] \T1/lmtt/m/n/10 disp("The bits that are going to be transmitted using the Fixed code:");[] 
 []


Overfull \hbox (270.04826pt too wide) in paragraph at lines 1084--1084
[] \T1/lmtt/m/n/10 fprintf("The Total number of bits that are going to be transmitted using fixed code = %d", num_of_bits_Y_fixed);[] 
 []

[19]
Overfull \hbox (81.04881pt too wide) in paragraph at lines 1091--1091
[]\T1/lmtt/m/n/10 %Decode the data. Verify that the decoded symbols match the original symbols.[] 
 []


Overfull \hbox (23.29898pt too wide) in paragraph at lines 1093--1093
[]\T1/lmtt/m/n/10 disp("Decode the Codewords back to symbols using the fixed code:")[] 
 []


Overfull \hbox (65.29886pt too wide) in paragraph at lines 1110--1110
[]          \T1/lmtt/m/n/10 if Transmit_Y_fixed(i:(i+2)) == FixedCode_Y(j+temp*2:j+2+temp*2)[] 
 []

[20] [21] [22] [23]
Overfull \hbox (333.04808pt too wide) in paragraph at lines 1287--1287
[]    \T1/lmtt/m/n/10 disp("No losses were found when using the Fixed Code since the recieved bits of Y are the same as the transmitted bits");[] 
 []


Overfull \hbox (107.29874pt too wide) in paragraph at lines 1305--1305
[]\T1/lmtt/m/n/10 [dict_sentY,avglen_sentY] = huffmandict(Y_uniqueChars,PMF_Y);   %X_unique: Symbols[] 
 []


Overfull \hbox (39.04893pt too wide) in paragraph at lines 1312--1312
[]\T1/lmtt/m/n/10 dict_sentY = cellfun(@num2str,dict_sentY(:,2),\TS1/lmtt/m/n/10 '\T1/lmtt/m/n/10 UniformOutput\TS1/lmtt/m/n/10 '\T1/lmtt/m/n/10 ,false);[] 
 []


Overfull \hbox (243.79834pt too wide) in paragraph at lines 1327--1327
[]\T1/lmtt/m/n/10 %disp((append(regexprep(cell2mat(dict_sentX(1)), \TS1/lmtt/m/n/10 '\T1/lmtt/m/n/10 \s\TS1/lmtt/m/n/10 '\T1/lmtt/m/n/10 , \TS1/lmtt/m/n/10 ''\T1/lmtt/m/n/10 ) , regexprep(cell2mat(dict_sentX(3)), \TS1/lmtt/m/n/10 '\T1/lmtt/m/n/10 \s\TS1/lmtt/m/n/10 '\T1/lmtt/m/n/10 , \TS1/lmtt/m/n/10 ''\T1/lmtt/m/n/10 ))))[] 
 []


Overfull \hbox (191.2985pt too wide) in paragraph at lines 1334--1334
[]\T1/lmtt/m/n/10 %disp(regexprep(cell2mat(dict_sentX(3)), \TS1/lmtt/m/n/10 '\T1/lmtt/m/n/10 \s\TS1/lmtt/m/n/10 '\T1/lmtt/m/n/10 , \TS1/lmtt/m/n/10 ''\T1/lmtt/m/n/10 ) + regexprep(cell2mat(dict_sentX(2)), \TS1/lmtt/m/n/10 '\T1/lmtt/m/n/10 \s\TS1/lmtt/m/n/10 '\T1/lmtt/m/n/10 , \TS1/lmtt/m/n/10 ''\T1/lmtt/m/n/10 ))[] 
 []

[24]
Package mdframed Info: Not enough space on this page on input line 1337.

Overfull \hbox (44.29892pt too wide) in paragraph at lines 1347--1347
[]             \T1/lmtt/m/n/10 Transmit_Y= regexprep(cell2mat(dict_sentY(j)), \TS1/lmtt/m/n/10 '\T1/lmtt/m/n/10 \s\TS1/lmtt/m/n/10 '\T1/lmtt/m/n/10 , \TS1/lmtt/m/n/10 ''\T1/lmtt/m/n/10 );[] 
 []


Overfull \hbox (149.29861pt too wide) in paragraph at lines 1350--1350
[]             \T1/lmtt/m/n/10 Transmit_Y = append(Transmit_Y,regexprep(cell2mat(dict_sentY(j)), \TS1/lmtt/m/n/10 '\T1/lmtt/m/n/10 \s\TS1/lmtt/m/n/10 '\T1/lmtt/m/n/10 , \TS1/lmtt/m/n/10 ''\T1/lmtt/m/n/10 ));[] 
 []


Overfull \hbox (70.54884pt too wide) in paragraph at lines 1356--1356
[] \T1/lmtt/m/n/10 disp("The bits that are going to be transmitted using the huffman code:");[] 
 []


Overfull \hbox (149.29861pt too wide) in paragraph at lines 1369--1369
[] \T1/lmtt/m/n/10 fprintf("The Total number of bits that are going to be transmitted = %d", num_of_bits_Y);[] 
 []


Overfull \hbox (81.04881pt too wide) in paragraph at lines 1377--1377
[]\T1/lmtt/m/n/10 %Decode the data. Verify that the decoded symbols match the original symbols.[] 
 []

Package mdframed Info: Not enough space on this page on input line 1381.
[25]
Package mdframed Info: Not enough space on this page on input line 1381.

Overfull \hbox (60.04887pt too wide) in paragraph at lines 1395--1395
[]         \T1/lmtt/m/n/10 if Transmit_Y(i) == regexprep(cell2mat(dict_sentY(1)), \TS1/lmtt/m/n/10 '\T1/lmtt/m/n/10 \s\TS1/lmtt/m/n/10 '\T1/lmtt/m/n/10 , \TS1/lmtt/m/n/10 ''\T1/lmtt/m/n/10 )[] 
 []


Overfull \hbox (107.29874pt too wide) in paragraph at lines 1402--1402
[]        \T1/lmtt/m/n/10 elseif Transmit_Y(i:(i+1)) == regexprep(cell2mat(dict_sentY(2)), \TS1/lmtt/m/n/10 '\T1/lmtt/m/n/10 \s\TS1/lmtt/m/n/10 '\T1/lmtt/m/n/10 , \TS1/lmtt/m/n/10 ''\T1/lmtt/m/n/10 )[] 
 []


Overfull \hbox (107.29874pt too wide) in paragraph at lines 1410--1410
[]        \T1/lmtt/m/n/10 elseif Transmit_Y(i:(i+2)) == regexprep(cell2mat(dict_sentY(3)), \TS1/lmtt/m/n/10 '\T1/lmtt/m/n/10 \s\TS1/lmtt/m/n/10 '\T1/lmtt/m/n/10 , \TS1/lmtt/m/n/10 ''\T1/lmtt/m/n/10 )[] 
 []


Overfull \hbox (107.29874pt too wide) in paragraph at lines 1419--1419
[]        \T1/lmtt/m/n/10 elseif Transmit_Y(i:(i+3)) == regexprep(cell2mat(dict_sentY(4)), \TS1/lmtt/m/n/10 '\T1/lmtt/m/n/10 \s\TS1/lmtt/m/n/10 '\T1/lmtt/m/n/10 , \TS1/lmtt/m/n/10 ''\T1/lmtt/m/n/10 )[] 
 []


Overfull \hbox (123.04869pt too wide) in paragraph at lines 1428--1428
[]          \T1/lmtt/m/n/10 elseif  Transmit_Y(i:(i+4)) == regexprep(cell2mat(dict_sentY(j)), \TS1/lmtt/m/n/10 '\T1/lmtt/m/n/10 \s\TS1/lmtt/m/n/10 '\T1/lmtt/m/n/10 , \TS1/lmtt/m/n/10 ''\T1/lmtt/m/n/10 )[] 
 []

[26] [27] [28] [29]
Overfull \hbox (343.54805pt too wide) in paragraph at lines 1606--1606
[]    \T1/lmtt/m/n/10 disp("No losses were found when using the Huffman Code since the recieved bits of Y are the same as the transmitted bits");[] 
 []

[30]
Overfull \hbox (301.54817pt too wide) in paragraph at lines 1670--1670
[]\T1/lmtt/m/n/10 fprintf("Minimum number of bits needed to map each symbol of f(z) using a fixed-length code = %d bits ",ceil(log2(6)));[] 
 []


Overfull \hbox (75.79883pt too wide) in paragraph at lines 1676--1676
[]\T1/lmtt/m/n/10 fprintf("Average code length for a fixed-length code = %.2f",ceil(log2(6)));[] 
 []

Package mdframed Info: Not enough space on this page on input line 1683.
[31]
Package mdframed Info: Not enough space on this page on input line 1683.

Overfull \hbox (39.04893pt too wide) in paragraph at lines 1735--1735
[]\T1/lmtt/m/n/10 Z_prob = [0.05 0.10 0.30 0.25 0.15 0.15]; % Symbol probability vector[] 
 []


Overfull \hbox (28.54897pt too wide) in paragraph at lines 1736--1736
[]\T1/lmtt/m/n/10 [codeword_dict_z,average_length_z] = huffmandict(Z_symbols,Z_prob);[] 
 []


Overfull \hbox (149.29861pt too wide) in paragraph at lines 1737--1737
[]\T1/lmtt/m/n/10 disp("Size of the representation of the code with the minimum number of bits for each Z");[] 
 []


Overfull \hbox (317.29813pt too wide) in paragraph at lines 1761--1761
[]\T1/lmtt/m/n/10 %Generate a binary Huffman code, displaying the average code length and the cell array containing the codeword dictionary.[] 
 []


Overfull \hbox (91.54878pt too wide) in paragraph at lines 1763--1763
[]\T1/lmtt/m/n/10 codeword_dict_z = cellfun(@num2str,codeword_dict_z(:,2),\TS1/lmtt/m/n/10 '\T1/lmtt/m/n/10 UniformOutput\TS1/lmtt/m/n/10 '\T1/lmtt/m/n/10 ,false);[] 
 []


Package mdframed Warning: You got a bad break
(mdframed)                because the last box will be empty
(mdframed)                you have to change it manually
(mdframed)                by changing the text, the space
(mdframed)                or something else on input line 1765.

Package mdframed Info: You first box width is to small
 mdframed fixed it
(mdframed)              on input line 1765.
[32]

Package mdframed Warning: You got a bad break
(mdframed)                because the last split box is empty
(mdframed)                You have to change the settings on input line 1765.


Overfull \hbox (65.29886pt too wide) in paragraph at lines 1802--1802
[] \T1/lmtt/m/n/10 fprintf("Average Length of huffman code of f(z)=%.3f ",average_length_z);[] 
 []

[33]
Overfull \hbox (333.04808pt too wide) in paragraph at lines 1865--1865
[]\T1/lmtt/m/n/10 %load("ELCN446_Project2_Spring2022.mat");        %load the attached .mat file    (You don\TS1/lmtt/m/n/10 '\T1/lmtt/m/n/10 t need to load it again in Part II)[] 
 []


Overfull \hbox (44.29892pt too wide) in paragraph at lines 1866--1866
[]\T1/lmtt/m/n/10 fprintf("The Z variable is loaded and it has a length %d ",length(Z));[] 
 []


Overfull \hbox (233.29837pt too wide) in paragraph at lines 1872--1872
[]\T1/lmtt/m/n/10 Z_uniqueChars = unique(Z); % String text has all characters, some are repeatedlenChar=length(uniqueChars);[] 
 []


Overfull \hbox (238.54836pt too wide) in paragraph at lines 1886--1886
[]\T1/lmtt/m/n/10 PMF_Z = [length(length(Z_uniqueChars))]; % declare the Probability Mass Function with size of special chars[] 
 []


Package mdframed Warning: You got a bad break
(mdframed)                because the last box will be empty
(mdframed)                you have to change it manually
(mdframed)                by changing the text, the space
(mdframed)                or something else on input line 1893.

[34]
Overfull \hbox (23.29898pt too wide) in paragraph at lines 1917--1917
[]\T1/lmtt/m/n/10 %Generate the source coded code words using the fixed length code:[] 
 []


Overfull \hbox (12.79901pt too wide) in paragraph at lines 1937--1937
[]             \T1/lmtt/m/n/10 Transmit_Z_fixed= FixedCode_Z(j+temp*2:j+2+temp*2);[] 
 []


Overfull \hbox (149.29861pt too wide) in paragraph at lines 1940--1940
[]             \T1/lmtt/m/n/10 Transmit_Z_fixed = append(Transmit_Z_fixed,FixedCode_Z(j+temp*2:j+2+temp*2));[] 
 []


Overfull \hbox (60.04887pt too wide) in paragraph at lines 1950--1950
[] \T1/lmtt/m/n/10 disp("The bits that are going to be transmitted using the Fixed code:");[] 
 []

[35]
Overfull \hbox (270.04826pt too wide) in paragraph at lines 1963--1963
[] \T1/lmtt/m/n/10 fprintf("The Total number of bits that are going to be transmitted using fixed code = %d", num_of_bits_Z_fixed);[] 
 []


Overfull \hbox (81.04881pt too wide) in paragraph at lines 1970--1970
[]\T1/lmtt/m/n/10 %Decode the data. Verify that the decoded symbols match the original symbols.[] 
 []


Overfull \hbox (23.29898pt too wide) in paragraph at lines 1972--1972
[]\T1/lmtt/m/n/10 disp("Decode the Codewords back to symbols using the fixed code:")[] 
 []


Overfull \hbox (65.29886pt too wide) in paragraph at lines 1989--1989
[]          \T1/lmtt/m/n/10 if Transmit_Z_fixed(i:(i+2)) == FixedCode_Z(j+temp*2:j+2+temp*2)[] 
 []

[36] [37] [38] [39]
Overfull \hbox (333.04808pt too wide) in paragraph at lines 2168--2168
[]    \T1/lmtt/m/n/10 disp("No losses were found when using the Fixed Code since the recieved bits of Z are the same as the transmitted bits");[] 
 []


Overfull \hbox (107.29874pt too wide) in paragraph at lines 2183--2183
[]\T1/lmtt/m/n/10 [dict_sentZ,avglen_sentZ] = huffmandict(Z_uniqueChars,PMF_Z);   %X_unique: Symbols[] 
 []


Overfull \hbox (39.04893pt too wide) in paragraph at lines 2190--2190
[]\T1/lmtt/m/n/10 dict_sentZ = cellfun(@num2str,dict_sentZ(:,2),\TS1/lmtt/m/n/10 '\T1/lmtt/m/n/10 UniformOutput\TS1/lmtt/m/n/10 '\T1/lmtt/m/n/10 ,false);[] 
 []

Package mdframed Info: Not enough space on this page on input line 2192.
[40]
Package mdframed Info: Not enough space on this page on input line 2192.

Overfull \hbox (243.79834pt too wide) in paragraph at lines 2205--2205
[]\T1/lmtt/m/n/10 %disp((append(regexprep(cell2mat(dict_sentX(1)), \TS1/lmtt/m/n/10 '\T1/lmtt/m/n/10 \s\TS1/lmtt/m/n/10 '\T1/lmtt/m/n/10 , \TS1/lmtt/m/n/10 ''\T1/lmtt/m/n/10 ) , regexprep(cell2mat(dict_sentX(3)), \TS1/lmtt/m/n/10 '\T1/lmtt/m/n/10 \s\TS1/lmtt/m/n/10 '\T1/lmtt/m/n/10 , \TS1/lmtt/m/n/10 ''\T1/lmtt/m/n/10 ))))[] 
 []


Overfull \hbox (191.2985pt too wide) in paragraph at lines 2212--2212
[]\T1/lmtt/m/n/10 %disp(regexprep(cell2mat(dict_sentX(3)), \TS1/lmtt/m/n/10 '\T1/lmtt/m/n/10 \s\TS1/lmtt/m/n/10 '\T1/lmtt/m/n/10 , \TS1/lmtt/m/n/10 ''\T1/lmtt/m/n/10 ) + regexprep(cell2mat(dict_sentX(2)), \TS1/lmtt/m/n/10 '\T1/lmtt/m/n/10 \s\TS1/lmtt/m/n/10 '\T1/lmtt/m/n/10 , \TS1/lmtt/m/n/10 ''\T1/lmtt/m/n/10 ))[] 
 []


Overfull \hbox (44.29892pt too wide) in paragraph at lines 2225--2225
[]             \T1/lmtt/m/n/10 Transmit_Z= regexprep(cell2mat(dict_sentZ(j)), \TS1/lmtt/m/n/10 '\T1/lmtt/m/n/10 \s\TS1/lmtt/m/n/10 '\T1/lmtt/m/n/10 , \TS1/lmtt/m/n/10 ''\T1/lmtt/m/n/10 );[] 
 []


Overfull \hbox (149.29861pt too wide) in paragraph at lines 2228--2228
[]             \T1/lmtt/m/n/10 Transmit_Z = append(Transmit_Z,regexprep(cell2mat(dict_sentZ(j)), \TS1/lmtt/m/n/10 '\T1/lmtt/m/n/10 \s\TS1/lmtt/m/n/10 '\T1/lmtt/m/n/10 , \TS1/lmtt/m/n/10 ''\T1/lmtt/m/n/10 ));[] 
 []


Overfull \hbox (70.54884pt too wide) in paragraph at lines 2234--2234
[] \T1/lmtt/m/n/10 disp("The bits that are going to be transmitted using the huffman code:");[] 
 []

[41]
Package mdframed Info: Not enough space on this page on input line 2241.

Overfull \hbox (149.29861pt too wide) in paragraph at lines 2247--2247
[] \T1/lmtt/m/n/10 fprintf("The Total number of bits that are going to be transmitted = %d", num_of_bits_Z);[] 
 []


Overfull \hbox (81.04881pt too wide) in paragraph at lines 2255--2255
[]\T1/lmtt/m/n/10 %Decode the data. Verify that the decoded symbols match the original symbols.[] 
 []


Overfull \hbox (96.79877pt too wide) in paragraph at lines 2275--2275
[]          \T1/lmtt/m/n/10 if Transmit_Z(i:(i+1)) == regexprep(cell2mat(dict_sentZ(l)), \TS1/lmtt/m/n/10 '\T1/lmtt/m/n/10 \s\TS1/lmtt/m/n/10 '\T1/lmtt/m/n/10 , \TS1/lmtt/m/n/10 ''\T1/lmtt/m/n/10 )[] 
 []


Overfull \hbox (123.04869pt too wide) in paragraph at lines 2282--2282
[]          \T1/lmtt/m/n/10 elseif  Transmit_Z(i:(i+2)) == regexprep(cell2mat(dict_sentZ(j)), \TS1/lmtt/m/n/10 '\T1/lmtt/m/n/10 \s\TS1/lmtt/m/n/10 '\T1/lmtt/m/n/10 , \TS1/lmtt/m/n/10 ''\T1/lmtt/m/n/10 )[] 
 []


Overfull \hbox (123.04869pt too wide) in paragraph at lines 2288--2288
[]          \T1/lmtt/m/n/10 elseif  Transmit_Z(i:(i+2)) == regexprep(cell2mat(dict_sentZ(k)), \TS1/lmtt/m/n/10 '\T1/lmtt/m/n/10 \s\TS1/lmtt/m/n/10 '\T1/lmtt/m/n/10 , \TS1/lmtt/m/n/10 ''\T1/lmtt/m/n/10 )[] 
 []

[42] [43] [44] [45]
Overfull \hbox (348.79803pt too wide) in paragraph at lines 2466--2466
[]     \T1/lmtt/m/n/10 disp("No losses were found when using the Huffman Code since the recieved bits of Z are the same as the transmitted bits");[] 
 []

[46]
Package mdframed Info: Not enough space on this page on input line 2567.
 [47]
Package mdframed Info: Not enough space on this page on input line 2567.

Overfull \hbox (39.04893pt too wide) in paragraph at lines 2580--2580
[]\T1/lmtt/m/n/10 charList = char(strcat(char(65:90),char(97:122), char(49:57), ",. "))[] 
 []


Overfull \hbox (217.54842pt too wide) in paragraph at lines 2596--2596
[]\T1/lmtt/m/n/10 pmfTable = table(transpose(labels), transpose(charPMF), \TS1/lmtt/m/n/10 '\T1/lmtt/m/n/10 VariableNames\TS1/lmtt/m/n/10 '\T1/lmtt/m/n/10 , {\TS1/lmtt/m/n/10 '\T1/lmtt/m/n/10 Character\TS1/lmtt/m/n/10 '\T1/lmtt/m/n/10 , \TS1/lmtt/m/n/10 '\T1/lmtt/m/n/10 Probability\TS1/lmtt/m/n/10 '\T1/lmtt/m/n/10 });[] 
 []

[48]
Overfull \hbox (70.54884pt too wide) in paragraph at lines 2651--2651
[]\T1/lmtt/m/n/10 % The huffmandict function can\TS1/lmtt/m/n/10 '\T1/lmtt/m/n/10 t deal with the symbols as chars. We need to[] 
 []


Overfull \hbox (7.54903pt too wide) in paragraph at lines 2658--2658
[]\T1/lmtt/m/n/10 huffTable.Properties.VariableNames = {\TS1/lmtt/m/n/10 '\T1/lmtt/m/n/10 Character\TS1/lmtt/m/n/10 '\T1/lmtt/m/n/10 , \TS1/lmtt/m/n/10 '\T1/lmtt/m/n/10 Codeword\TS1/lmtt/m/n/10 '\T1/lmtt/m/n/10 };[] 
 []

[49]

Package mdframed Warning: You got a bad break
(mdframed)                because the last box will be empty
(mdframed)                you have to change it manually
(mdframed)                by changing the text, the space
(mdframed)                or something else on input line 2723.

[50]
Package epstopdf Info: Source file: <./Project2_images//figure_0.eps>
(epstopdf)                    date: 2022-04-23 20:28:46
(epstopdf)                    size: 15089 bytes
(epstopdf)             Output file: <./figure_0-eps-converted-to.pdf>
(epstopdf)                    date: 2022-04-23 20:29:32
(epstopdf)                    size: 9769 bytes
(epstopdf)             Command: <repstopdf --outfile=./figure_0-eps-converted-to.pdf ./Project2_images//figure_0.eps>
(epstopdf)             \includegraphics on input line 2748.
Package epstopdf Info: Output file is already uptodate.
<./figure_0-eps-converted-to.pdf, id=242, 421.575pt x 316.18124pt>
File: ./figure_0-eps-converted-to.pdf Graphic file (type pdf)
<use ./figure_0-eps-converted-to.pdf>
Package pdftex.def Info: ./figure_0-eps-converted-to.pdf  used on input line 2748.
(pdftex.def)             Requested size: 345.0pt x 258.75406pt.

g:/UNI/2022 Spring/Adv Comm 1/Projects/Project-2-ELCN446/final - tex/Project2.tex:2759: Missing $ inserted.
<inserted text> 
                $
l.2759 \end{par}
                
I've inserted something that you may have forgotten.
(See the <inserted text> above.)
With luck, this will get me unwedged. But if you
really didn't forget anything, try typing `2' now; then
my insertion and my current dilemma will both disappear.

g:/UNI/2022 Spring/Adv Comm 1/Projects/Project-2-ELCN446/final - tex/Project2.tex:2759: Display math should end with $$.
<to be read again> 
                   \endgroup 
l.2759 \end{par}
                
The `$' that I just saw supposedly matches a previous `$$'.
So I shall assume that you typed `$$' both times.


g:/UNI/2022 Spring/Adv Comm 1/Projects/Project-2-ELCN446/final - tex/Project2.tex:2763: LaTeX Error: Unicode character  (U+03B7)
               not set up for use with LaTeX.

See the LaTeX manual or LaTeX Companion for explanation.
Type  H <return>  for immediate help.
 ...                                              
                                                  
l.2763 % fprintf(" = %f %%", compRatio)
                                         
You may provide a definition with
\DeclareUnicodeCharacter 


g:/UNI/2022 Spring/Adv Comm 1/Projects/Project-2-ELCN446/final - tex/Project2.tex:2765: LaTeX Error: Unicode character  (U+03B7)
               not set up for use with LaTeX.

See the LaTeX manual or LaTeX Companion for explanation.
Type  H <return>  for immediate help.
 ...                                              
                                                  
l.2765 fprintf(" = %f %%", compRatio)
                                       
You may provide a definition with
\DeclareUnicodeCharacter 

[51 <./figure_0-eps-converted-to.pdf>]
Package mdframed Info: Not enough space on this page on input line 2766.


g:/UNI/2022 Spring/Adv Comm 1/Projects/Project-2-ELCN446/final - tex/Project2.tex:2768: LaTeX Error: Unicode character  (U+03B7)
               not set up for use with LaTeX.

See the LaTeX manual or LaTeX Companion for explanation.
Type  H <return>  for immediate help.
 ...                                              
                                                  
l.2768  = 60.657055 %
                       
You may provide a definition with
\DeclareUnicodeCharacter 


Overfull \hbox (2.29904pt too wide) in paragraph at lines 2817--2817
[]\T1/lmtt/m/n/10 % And now, we compare the decoded text with the original text:[] 
 []

Package mdframed Info: Not enough space on this page on input line 2822.
[52]
Package mdframed Info: Not enough space on this page on input line 2822.

Overfull \hbox (33.79895pt too wide) in paragraph at lines 2869--2869
[]            \T1/lmtt/m/n/10 % Returns the probability of each charachter in an array[] 
 []


Overfull \hbox (70.54884pt too wide) in paragraph at lines 2877--2877
[]                \T1/lmtt/m/n/10 pmfCharArr(idx) = sum(text == uniqueChars(idx)) / textLen ;[] 
 []

[53] [54] (./Project2.aux)

LaTeX Warning: Label(s) may have changed. Rerun to get cross-references right.


Package rerunfilecheck Warning: File `Project2.out' has changed.
(rerunfilecheck)                Rerun to get outlines right
(rerunfilecheck)                or use package `bookmark'.

Package rerunfilecheck Info: Checksums for `Project2.out':
(rerunfilecheck)             Before: <no file>
(rerunfilecheck)             After:  D41D8CD98F00B204E9800998ECF8427E;0.
 ) 
Here is how much of TeX's memory you used:
 22263 strings out of 478276
 419245 string characters out of 5850489
 768981 words of memory out of 5000000
 39972 multiletter control sequences out of 15000+600000
 516176 words of font info for 59 fonts, out of 8000000 for 9000
 1141 hyphenation exceptions out of 8191
 119i,10n,116p,10128b,1083s stack positions out of 5000i,500n,10000p,200000b,80000s
{c:/texlive/2021/texmf-dist/fonts/enc/dvips/lm/lm-rm.enc}{c:/texlive/2021/texmf-dist/fonts/enc/dvips/lm/lm-ts1.enc}{c:/texlive/2021/texmf-dist/fonts/enc/dvips/lm/lm-mathsy.enc}{c:/texlive/2021/texmf-dist/fonts/enc/dvips/lm/lm-ec.enc}{c:/texlive/2021/texmf-dist/fonts/enc/dvips/lm/lm-mathit.enc}<c:/texlive/2021/texmf-dist/fonts/type1/public/lm/lmbx10.pfb><c:/texlive/2021/texmf-dist/fonts/type1/public/lm/lmbx12.pfb><c:/texlive/2021/texmf-dist/fonts/type1/public/lm/lmbxi10.pfb><c:/texlive/2021/texmf-dist/fonts/type1/public/lm/lmmi10.pfb><c:/texlive/2021/texmf-dist/fonts/type1/public/lm/lmmi7.pfb><c:/texlive/2021/texmf-dist/fonts/type1/public/lm/lmr10.pfb><c:/texlive/2021/texmf-dist/fonts/type1/public/lm/lmr7.pfb><c:/texlive/2021/texmf-dist/fonts/type1/public/lm/lmri10.pfb><c:/texlive/2021/texmf-dist/fonts/type1/public/lm/lmsy10.pfb><c:/texlive/2021/texmf-dist/fonts/type1/public/lm/lmtt10.pfb>
Output written on Project2.pdf (54 pages, 269910 bytes).
PDF statistics:
 349 PDF objects out of 1000 (max. 8388607)
 261 compressed objects within 3 object streams
 72 named destinations out of 1000 (max. 500000)
 18 words of extra memory for PDF output out of 10000 (max. 10000000)

